{"/Users/kairenchen/nuxt-demo/components/AppLogo.vue": {"path":"/Users/kairenchen/nuxt-demo/components/AppLogo.vue","statementMap":{"0":{"start":{"line":19,"column":0},"end":{"line":19,"column":null}},"1":{"start":{"line":23,"column":0},"end":{"line":23,"column":null}},"2":{"start":{"line":37,"column":0},"end":{"line":37,"column":null}},"3":{"start":{"line":44,"column":0},"end":{"line":44,"column":null}},"4":{"start":{"line":45,"column":0},"end":{"line":45,"column":null}},"5":{"start":{"line":46,"column":0},"end":{"line":48,"column":null}},"6":{"start":{"line":47,"column":0},"end":{"line":47,"column":null}},"7":{"start":{"line":54,"column":0},"end":{"line":54,"column":null}},"8":{"start":{"line":58,"column":0},"end":{"line":58,"column":null}},"9":{"start":{"line":61,"column":0},"end":{"line":61,"column":null}}},"fnMap":{"0":{"name":"(anonymous_2)","decl":{"start":{"line":22,"column":0},"end":{"line":22,"column":null}},"loc":{"start":{"line":22,"column":0},"end":{"line":31,"column":null}}},"1":{"name":"(anonymous_3)","decl":{"start":{"line":36,"column":0},"end":{"line":36,"column":null}},"loc":{"start":{"line":36,"column":0},"end":{"line":42,"column":null}}},"2":{"name":"(anonymous_4)","decl":{"start":{"line":43,"column":0},"end":{"line":43,"column":null}},"loc":{"start":{"line":43,"column":0},"end":{"line":49,"column":null}}},"3":{"name":"(anonymous_5)","decl":{"start":{"line":46,"column":0},"end":{"line":46,"column":null}},"loc":{"start":{"line":46,"column":0},"end":{"line":48,"column":null}}},"4":{"name":"(anonymous_6)","decl":{"start":{"line":50,"column":0},"end":{"line":50,"column":null}},"loc":{"start":{"line":50,"column":0},"end":{"line":50,"column":null}}},"5":{"name":"(anonymous_7)","decl":{"start":{"line":52,"column":0},"end":{"line":52,"column":null}},"loc":{"start":{"line":52,"column":0},"end":{"line":56,"column":null}}},"6":{"name":"(anonymous_8)","decl":{"start":{"line":57,"column":0},"end":{"line":57,"column":null}},"loc":{"start":{"line":57,"column":0},"end":{"line":59,"column":null}}},"7":{"name":"(anonymous_9)","decl":{"start":{"line":60,"column":0},"end":{"line":60,"column":null}},"loc":{"start":{"line":60,"column":0},"end":{"line":62,"column":null}}}},"branchMap":{"0":{"loc":{"start":{"line":61,"column":0},"end":{"line":61,"column":null}},"type":"cond-expr","locations":[{"start":{"line":61,"column":0},"end":{"line":61,"column":null}},{"start":{"line":61,"column":0},"end":{"line":61,"column":null}}]}},"s":{"0":1,"1":0,"2":1,"3":1,"4":1,"5":1,"6":0,"7":0,"8":0,"9":1},"f":{"0":0,"1":1,"2":1,"3":0,"4":1,"5":0,"6":0,"7":1},"b":{"0":[1,0]}}
,"/Users/kairenchen/nuxt-demo/components/component1.vue": {"path":"/Users/kairenchen/nuxt-demo/components/component1.vue","statementMap":{"0":{"start":{"line":20,"column":0},"end":{"line":20,"column":null}},"1":{"start":{"line":26,"column":0},"end":{"line":26,"column":null}},"2":{"start":{"line":29,"column":0},"end":{"line":29,"column":null}},"3":{"start":{"line":33,"column":0},"end":{"line":33,"column":null}},"4":{"start":{"line":36,"column":0},"end":{"line":36,"column":null}}},"fnMap":{"0":{"name":"(anonymous_1)","decl":{"start":{"line":19,"column":0},"end":{"line":19,"column":null}},"loc":{"start":{"line":19,"column":0},"end":{"line":24,"column":null}}},"1":{"name":"(anonymous_2)","decl":{"start":{"line":25,"column":0},"end":{"line":25,"column":null}},"loc":{"start":{"line":25,"column":0},"end":{"line":27,"column":null}}},"2":{"name":"(anonymous_3)","decl":{"start":{"line":28,"column":0},"end":{"line":28,"column":null}},"loc":{"start":{"line":28,"column":0},"end":{"line":30,"column":null}}},"3":{"name":"(anonymous_4)","decl":{"start":{"line":32,"column":0},"end":{"line":32,"column":null}},"loc":{"start":{"line":32,"column":0},"end":{"line":34,"column":null}}},"4":{"name":"(anonymous_5)","decl":{"start":{"line":35,"column":0},"end":{"line":35,"column":null}},"loc":{"start":{"line":35,"column":0},"end":{"line":37,"column":null}}}},"branchMap":{"0":{"loc":{"start":{"line":36,"column":0},"end":{"line":36,"column":null}},"type":"cond-expr","locations":[{"start":{"line":36,"column":0},"end":{"line":36,"column":null}},{"start":{"line":36,"column":0},"end":{"line":36,"column":null}}]}},"s":{"0":0,"1":0,"2":0,"3":0,"4":0},"f":{"0":0,"1":0,"2":0,"3":0,"4":0},"b":{"0":[0,0]}}
,"/Users/kairenchen/nuxt-demo/components/vuex_edit.vue": {"path":"/Users/kairenchen/nuxt-demo/components/vuex_edit.vue","statementMap":{"0":{"start":{"line":21,"column":0},"end":{"line":21,"column":null}},"1":{"start":{"line":28,"column":0},"end":{"line":28,"column":null}},"2":{"start":{"line":40,"column":0},"end":{"line":42,"column":null}},"3":{"start":{"line":41,"column":0},"end":{"line":41,"column":null}},"4":{"start":{"line":47,"column":0},"end":{"line":47,"column":null}},"5":{"start":{"line":51,"column":0},"end":{"line":51,"column":null}},"6":{"start":{"line":54,"column":0},"end":{"line":63,"column":null}},"7":{"start":{"line":55,"column":0},"end":{"line":60,"column":null}},"8":{"start":{"line":59,"column":0},"end":{"line":59,"column":null}},"9":{"start":{"line":62,"column":0},"end":{"line":62,"column":null}},"10":{"start":{"line":66,"column":0},"end":{"line":66,"column":null}}},"fnMap":{"0":{"name":"(anonymous_1)","decl":{"start":{"line":20,"column":0},"end":{"line":20,"column":null}},"loc":{"start":{"line":20,"column":0},"end":{"line":24,"column":null}}},"1":{"name":"(anonymous_2)","decl":{"start":{"line":27,"column":0},"end":{"line":27,"column":null}},"loc":{"start":{"line":27,"column":0},"end":{"line":29,"column":null}}},"2":{"name":"(anonymous_3)","decl":{"start":{"line":31,"column":0},"end":{"line":31,"column":null}},"loc":{"start":{"line":31,"column":0},"end":{"line":31,"column":null}}},"3":{"name":"(anonymous_4)","decl":{"start":{"line":32,"column":0},"end":{"line":32,"column":null}},"loc":{"start":{"line":32,"column":0},"end":{"line":45,"column":null}}},"4":{"name":"(anonymous_5)","decl":{"start":{"line":40,"column":0},"end":{"line":40,"column":null}},"loc":{"start":{"line":40,"column":0},"end":{"line":42,"column":null}}},"5":{"name":"(anonymous_6)","decl":{"start":{"line":46,"column":0},"end":{"line":46,"column":null}},"loc":{"start":{"line":46,"column":0},"end":{"line":48,"column":null}}},"6":{"name":"(anonymous_7)","decl":{"start":{"line":50,"column":0},"end":{"line":50,"column":null}},"loc":{"start":{"line":50,"column":0},"end":{"line":52,"column":null}}},"7":{"name":"(anonymous_8)","decl":{"start":{"line":53,"column":0},"end":{"line":53,"column":null}},"loc":{"start":{"line":53,"column":0},"end":{"line":64,"column":null}}},"8":{"name":"(anonymous_9)","decl":{"start":{"line":55,"column":0},"end":{"line":55,"column":null}},"loc":{"start":{"line":55,"column":0},"end":{"line":60,"column":null}}},"9":{"name":"(anonymous_10)","decl":{"start":{"line":65,"column":0},"end":{"line":65,"column":null}},"loc":{"start":{"line":65,"column":0},"end":{"line":67,"column":null}}}},"branchMap":{"0":{"loc":{"start":{"line":54,"column":0},"end":{"line":63,"column":null}},"type":"if","locations":[{"start":{"line":54,"column":0},"end":{"line":63,"column":null}},{"start":{"line":54,"column":0},"end":{"line":63,"column":null}}]}},"s":{"0":0,"1":0,"2":0,"3":0,"4":0,"5":0,"6":0,"7":0,"8":0,"9":0,"10":0},"f":{"0":0,"1":0,"2":0,"3":0,"4":0,"5":0,"6":0,"7":0,"8":0,"9":0},"b":{"0":[0,0]}}
,"/Users/kairenchen/nuxt-demo/components/vuex_list.vue": {"path":"/Users/kairenchen/nuxt-demo/components/vuex_list.vue","statementMap":{"0":{"start":{"line":23,"column":0},"end":{"line":23,"column":null}},"1":{"start":{"line":28,"column":0},"end":{"line":28,"column":null}},"2":{"start":{"line":34,"column":0},"end":{"line":34,"column":null}},"3":{"start":{"line":61,"column":0},"end":{"line":61,"column":null}},"4":{"start":{"line":64,"column":0},"end":{"line":64,"column":null}},"5":{"start":{"line":65,"column":0},"end":{"line":65,"column":null}},"6":{"start":{"line":101,"column":0},"end":{"line":101,"column":null}},"7":{"start":{"line":102,"column":0},"end":{"line":102,"column":null}},"8":{"start":{"line":103,"column":0},"end":{"line":110,"column":null}},"9":{"start":{"line":105,"column":0},"end":{"line":105,"column":null}},"10":{"start":{"line":113,"column":0},"end":{"line":113,"column":null}},"11":{"start":{"line":118,"column":0},"end":{"line":118,"column":null}},"12":{"start":{"line":123,"column":0},"end":{"line":123,"column":null}},"13":{"start":{"line":124,"column":0},"end":{"line":124,"column":null}},"14":{"start":{"line":127,"column":0},"end":{"line":127,"column":null}},"15":{"start":{"line":129,"column":0},"end":{"line":129,"column":null}},"16":{"start":{"line":130,"column":0},"end":{"line":130,"column":null}},"17":{"start":{"line":134,"column":0},"end":{"line":134,"column":null}}},"fnMap":{"0":{"name":"(anonymous_1)","decl":{"start":{"line":27,"column":0},"end":{"line":27,"column":null}},"loc":{"start":{"line":27,"column":0},"end":{"line":31,"column":null}}},"1":{"name":"(anonymous_2)","decl":{"start":{"line":33,"column":0},"end":{"line":33,"column":null}},"loc":{"start":{"line":33,"column":0},"end":{"line":35,"column":null}}},"2":{"name":"(anonymous_3)","decl":{"start":{"line":59,"column":0},"end":{"line":59,"column":null}},"loc":{"start":{"line":59,"column":0},"end":{"line":59,"column":null}}},"3":{"name":"(anonymous_4)","decl":{"start":{"line":60,"column":0},"end":{"line":60,"column":null}},"loc":{"start":{"line":60,"column":0},"end":{"line":84,"column":null}}},"4":{"name":"(anonymous_5)","decl":{"start":{"line":100,"column":0},"end":{"line":100,"column":null}},"loc":{"start":{"line":100,"column":0},"end":{"line":111,"column":null}}},"5":{"name":"(anonymous_6)","decl":{"start":{"line":103,"column":0},"end":{"line":103,"column":null}},"loc":{"start":{"line":103,"column":0},"end":{"line":110,"column":null}}},"6":{"name":"(anonymous_7)","decl":{"start":{"line":112,"column":0},"end":{"line":112,"column":null}},"loc":{"start":{"line":112,"column":0},"end":{"line":119,"column":null}}},"7":{"name":"(anonymous_8)","decl":{"start":{"line":120,"column":0},"end":{"line":120,"column":null}},"loc":{"start":{"line":120,"column":0},"end":{"line":131,"column":null}}},"8":{"name":"(anonymous_9)","decl":{"start":{"line":132,"column":0},"end":{"line":132,"column":null}},"loc":{"start":{"line":132,"column":0},"end":{"line":135,"column":null}}}},"branchMap":{"0":{"loc":{"start":{"line":101,"column":0},"end":{"line":101,"column":null}},"type":"if","locations":[{"start":{"line":101,"column":0},"end":{"line":101,"column":null}},{"start":{"line":101,"column":0},"end":{"line":101,"column":null}}]}},"s":{"0":0,"1":0,"2":0,"3":0,"4":0,"5":0,"6":0,"7":0,"8":0,"9":0,"10":0,"11":0,"12":0,"13":0,"14":0,"15":0,"16":0,"17":0},"f":{"0":0,"1":0,"2":0,"3":0,"4":0,"5":0,"6":0,"7":0,"8":0},"b":{"0":[0,0]}}
,"/Users/kairenchen/nuxt-demo/pages/index.vue": {"path":"/Users/kairenchen/nuxt-demo/pages/index.vue","statementMap":{"0":{"start":{"line":67,"column":0},"end":{"line":67,"column":null}},"1":{"start":{"line":68,"column":0},"end":{"line":68,"column":null}},"2":{"start":{"line":81,"column":0},"end":{"line":81,"column":null}},"3":{"start":{"line":91,"column":0},"end":{"line":91,"column":null}},"4":{"start":{"line":95,"column":0},"end":{"line":95,"column":null}},"5":{"start":{"line":96,"column":0},"end":{"line":96,"column":null}}},"fnMap":{"0":{"name":"(anonymous_2)","decl":{"start":{"line":80,"column":0},"end":{"line":80,"column":null}},"loc":{"start":{"line":80,"column":0},"end":{"line":87,"column":null}}},"1":{"name":"(anonymous_3)","decl":{"start":{"line":88,"column":0},"end":{"line":88,"column":null}},"loc":{"start":{"line":88,"column":0},"end":{"line":88,"column":null}}},"2":{"name":"(anonymous_4)","decl":{"start":{"line":89,"column":0},"end":{"line":89,"column":null}},"loc":{"start":{"line":89,"column":0},"end":{"line":92,"column":null}}},"3":{"name":"(anonymous_5)","decl":{"start":{"line":94,"column":0},"end":{"line":94,"column":null}},"loc":{"start":{"line":94,"column":0},"end":{"line":97,"column":null}}},"4":{"name":"(anonymous_6)","decl":{"start":{"line":96,"column":0},"end":{"line":96,"column":null}},"loc":{"start":{"line":96,"column":0},"end":{"line":96,"column":null}}}},"branchMap":{},"s":{"0":0,"1":0,"2":0,"3":0,"4":0,"5":0},"f":{"0":0,"1":0,"2":0,"3":0,"4":0},"b":{}}
,"/Users/kairenchen/nuxt-demo/pages/_product/_id.vue": {"path":"/Users/kairenchen/nuxt-demo/pages/_product/_id.vue","statementMap":{"0":{"start":{"line":10,"column":0},"end":{"line":10,"column":null}},"1":{"start":{"line":12,"column":0},"end":{"line":15,"column":null}},"2":{"start":{"line":13,"column":0},"end":{"line":13,"column":null}},"3":{"start":{"line":14,"column":0},"end":{"line":14,"column":null}}},"fnMap":{"0":{"name":"(anonymous_2)","decl":{"start":{"line":22,"column":0},"end":{"line":22,"column":null}},"loc":{"start":{"line":22,"column":0},"end":{"line":22,"column":null}}}},"branchMap":{"0":{"loc":{"start":{"line":12,"column":0},"end":{"line":15,"column":null}},"type":"if","locations":[{"start":{"line":12,"column":0},"end":{"line":15,"column":null}},{"start":{"line":12,"column":0},"end":{"line":15,"column":null}}]}},"s":{"0":0,"1":0,"2":0,"3":0},"f":{"0":0},"b":{"0":[0,0]}}
,"/Users/kairenchen/nuxt-demo/pages/_product/index.vue": {"path":"/Users/kairenchen/nuxt-demo/pages/_product/index.vue","statementMap":{"0":{"start":{"line":10,"column":0},"end":{"line":10,"column":null}}},"fnMap":{},"branchMap":{},"s":{"0":0},"f":{},"b":{}}
,"/Users/kairenchen/nuxt-demo/pages/product/_PI.vue": {"path":"/Users/kairenchen/nuxt-demo/pages/product/_PI.vue","statementMap":{"0":{"start":{"line":14,"column":0},"end":{"line":14,"column":null}},"1":{"start":{"line":15,"column":0},"end":{"line":15,"column":null}},"2":{"start":{"line":22,"column":0},"end":{"line":22,"column":null}},"3":{"start":{"line":28,"column":0},"end":{"line":30,"column":null}},"4":{"start":{"line":29,"column":0},"end":{"line":29,"column":null}}},"fnMap":{"0":{"name":"(anonymous_2)","decl":{"start":{"line":21,"column":0},"end":{"line":21,"column":null}},"loc":{"start":{"line":21,"column":0},"end":{"line":26,"column":null}}},"1":{"name":"(anonymous_3)","decl":{"start":{"line":27,"column":0},"end":{"line":27,"column":null}},"loc":{"start":{"line":27,"column":0},"end":{"line":31,"column":null}}},"2":{"name":"(anonymous_4)","decl":{"start":{"line":28,"column":0},"end":{"line":28,"column":null}},"loc":{"start":{"line":28,"column":0},"end":{"line":30,"column":null}}}},"branchMap":{},"s":{"0":0,"1":0,"2":0,"3":0,"4":0},"f":{"0":0,"1":0,"2":0},"b":{}}
,"/Users/kairenchen/nuxt-demo/pages/slideBox/index.vue": {"path":"/Users/kairenchen/nuxt-demo/pages/slideBox/index.vue","statementMap":{"0":{"start":{"line":22,"column":0},"end":{"line":22,"column":null}},"1":{"start":{"line":39,"column":0},"end":{"line":39,"column":null}},"2":{"start":{"line":42,"column":0},"end":{"line":42,"column":null}},"3":{"start":{"line":47,"column":0},"end":{"line":47,"column":null}},"4":{"start":{"line":48,"column":0},"end":{"line":56,"column":null}},"5":{"start":{"line":49,"column":0},"end":{"line":49,"column":null}},"6":{"start":{"line":50,"column":0},"end":{"line":56,"column":null}},"7":{"start":{"line":51,"column":0},"end":{"line":51,"column":null}},"8":{"start":{"line":53,"column":0},"end":{"line":53,"column":null}}},"fnMap":{"0":{"name":"(anonymous_1)","decl":{"start":{"line":21,"column":0},"end":{"line":21,"column":null}},"loc":{"start":{"line":21,"column":0},"end":{"line":33,"column":null}}},"1":{"name":"(anonymous_2)","decl":{"start":{"line":34,"column":0},"end":{"line":34,"column":null}},"loc":{"start":{"line":34,"column":0},"end":{"line":36,"column":null}}},"2":{"name":"(anonymous_3)","decl":{"start":{"line":38,"column":0},"end":{"line":38,"column":null}},"loc":{"start":{"line":38,"column":0},"end":{"line":40,"column":null}}},"3":{"name":"(anonymous_4)","decl":{"start":{"line":41,"column":0},"end":{"line":41,"column":null}},"loc":{"start":{"line":41,"column":0},"end":{"line":43,"column":null}}},"4":{"name":"(anonymous_5)","decl":{"start":{"line":46,"column":0},"end":{"line":46,"column":null}},"loc":{"start":{"line":46,"column":0},"end":{"line":57,"column":null}}}},"branchMap":{"0":{"loc":{"start":{"line":48,"column":0},"end":{"line":56,"column":null}},"type":"if","locations":[{"start":{"line":48,"column":0},"end":{"line":56,"column":null}},{"start":{"line":48,"column":0},"end":{"line":56,"column":null}}]},"1":{"loc":{"start":{"line":50,"column":0},"end":{"line":56,"column":null}},"type":"if","locations":[{"start":{"line":50,"column":0},"end":{"line":56,"column":null}},{"start":{"line":50,"column":0},"end":{"line":56,"column":null}}]},"2":{"loc":{"start":{"line":53,"column":0},"end":{"line":53,"column":null}},"type":"if","locations":[{"start":{"line":53,"column":0},"end":{"line":53,"column":null}},{"start":{"line":53,"column":0},"end":{"line":53,"column":null}}]}},"s":{"0":0,"1":0,"2":0,"3":0,"4":0,"5":0,"6":0,"7":0,"8":0},"f":{"0":0,"1":0,"2":0,"3":0,"4":0},"b":{"0":[0,0],"1":[0,0],"2":[0,0]}}
,"/Users/kairenchen/nuxt-demo/pages/todolist/index.vue": {"path":"/Users/kairenchen/nuxt-demo/pages/todolist/index.vue","statementMap":{"0":{"start":{"line":19,"column":0},"end":{"line":19,"column":null}},"1":{"start":{"line":25,"column":0},"end":{"line":25,"column":null}},"2":{"start":{"line":50,"column":0},"end":{"line":50,"column":null}},"3":{"start":{"line":56,"column":0},"end":{"line":56,"column":null}},"4":{"start":{"line":58,"column":0},"end":{"line":58,"column":null}},"5":{"start":{"line":66,"column":0},"end":{"line":66,"column":null}},"6":{"start":{"line":69,"column":0},"end":{"line":69,"column":null}},"7":{"start":{"line":70,"column":0},"end":{"line":70,"column":null}},"8":{"start":{"line":79,"column":0},"end":{"line":79,"column":null}},"9":{"start":{"line":82,"column":0},"end":{"line":84,"column":null}},"10":{"start":{"line":83,"column":0},"end":{"line":83,"column":null}}},"fnMap":{"0":{"name":"(anonymous_2)","decl":{"start":{"line":24,"column":0},"end":{"line":24,"column":null}},"loc":{"start":{"line":24,"column":0},"end":{"line":44,"column":null}}},"1":{"name":"(anonymous_3)","decl":{"start":{"line":47,"column":0},"end":{"line":47,"column":null}},"loc":{"start":{"line":47,"column":0},"end":{"line":51,"column":null}}},"2":{"name":"(anonymous_4)","decl":{"start":{"line":53,"column":0},"end":{"line":53,"column":null}},"loc":{"start":{"line":53,"column":0},"end":{"line":62,"column":null}}},"3":{"name":"(anonymous_5)","decl":{"start":{"line":65,"column":0},"end":{"line":65,"column":null}},"loc":{"start":{"line":65,"column":0},"end":{"line":67,"column":null}}},"4":{"name":"(anonymous_6)","decl":{"start":{"line":68,"column":0},"end":{"line":68,"column":null}},"loc":{"start":{"line":68,"column":0},"end":{"line":71,"column":null}}},"5":{"name":"(anonymous_7)","decl":{"start":{"line":70,"column":0},"end":{"line":70,"column":null}},"loc":{"start":{"line":70,"column":0},"end":{"line":70,"column":null}}},"6":{"name":"(anonymous_8)","decl":{"start":{"line":74,"column":0},"end":{"line":74,"column":null}},"loc":{"start":{"line":74,"column":0},"end":{"line":76,"column":null}}},"7":{"name":"(anonymous_9)","decl":{"start":{"line":78,"column":0},"end":{"line":78,"column":null}},"loc":{"start":{"line":78,"column":0},"end":{"line":80,"column":null}}},"8":{"name":"(anonymous_10)","decl":{"start":{"line":81,"column":0},"end":{"line":81,"column":null}},"loc":{"start":{"line":81,"column":0},"end":{"line":85,"column":null}}},"9":{"name":"(anonymous_11)","decl":{"start":{"line":82,"column":0},"end":{"line":82,"column":null}},"loc":{"start":{"line":82,"column":0},"end":{"line":84,"column":null}}}},"branchMap":{"0":{"loc":{"start":{"line":58,"column":0},"end":{"line":58,"column":null}},"type":"cond-expr","locations":[{"start":{"line":58,"column":0},"end":{"line":58,"column":null}},{"start":{"line":58,"column":0},"end":{"line":58,"column":null}}]},"1":{"loc":{"start":{"line":70,"column":0},"end":{"line":70,"column":null}},"type":"cond-expr","locations":[{"start":{"line":70,"column":0},"end":{"line":70,"column":null}},{"start":{"line":70,"column":0},"end":{"line":70,"column":null}}]},"2":{"loc":{"start":{"line":83,"column":0},"end":{"line":83,"column":null}},"type":"cond-expr","locations":[{"start":{"line":83,"column":0},"end":{"line":83,"column":null}},{"start":{"line":83,"column":0},"end":{"line":83,"column":null}}]}},"s":{"0":0,"1":0,"2":0,"3":0,"4":0,"5":0,"6":0,"7":0,"8":0,"9":0,"10":0},"f":{"0":0,"1":0,"2":0,"3":0,"4":0,"5":0,"6":0,"7":0,"8":0,"9":0},"b":{"0":[0,0],"1":[0,0],"2":[0,0]}}
,"/Users/kairenchen/nuxt-demo/pages/vuex/index.vue": {"path":"/Users/kairenchen/nuxt-demo/pages/vuex/index.vue","statementMap":{"0":{"start":{"line":38,"column":0},"end":{"line":38,"column":null}},"1":{"start":{"line":39,"column":0},"end":{"line":39,"column":null}},"2":{"start":{"line":40,"column":0},"end":{"line":40,"column":null}},"3":{"start":{"line":41,"column":0},"end":{"line":41,"column":null}},"4":{"start":{"line":42,"column":0},"end":{"line":42,"column":null}},"5":{"start":{"line":60,"column":0},"end":{"line":60,"column":null}},"6":{"start":{"line":61,"column":0},"end":{"line":61,"column":null}},"7":{"start":{"line":89,"column":0},"end":{"line":89,"column":null}},"8":{"start":{"line":90,"column":0},"end":{"line":90,"column":null}},"9":{"start":{"line":64,"column":0},"end":{"line":68,"column":null}},"10":{"start":{"line":67,"column":0},"end":{"line":67,"column":null}},"11":{"start":{"line":94,"column":0},"end":{"line":94,"column":null}},"12":{"start":{"line":100,"column":0},"end":{"line":100,"column":null}},"13":{"start":{"line":105,"column":0},"end":{"line":105,"column":null}},"14":{"start":{"line":109,"column":0},"end":{"line":109,"column":null}},"15":{"start":{"line":111,"column":0},"end":{"line":114,"column":null}},"16":{"start":{"line":112,"column":0},"end":{"line":112,"column":null}},"17":{"start":{"line":113,"column":0},"end":{"line":113,"column":null}},"18":{"start":{"line":115,"column":0},"end":{"line":117,"column":null}},"19":{"start":{"line":116,"column":0},"end":{"line":116,"column":null}},"20":{"start":{"line":123,"column":0},"end":{"line":123,"column":null}},"21":{"start":{"line":124,"column":0},"end":{"line":124,"column":null}},"22":{"start":{"line":128,"column":0},"end":{"line":128,"column":null}},"23":{"start":{"line":60,"column":0},"end":{"line":52,"column":null}}},"fnMap":{"0":{"name":"(anonymous_3)","decl":{"start":{"line":60,"column":0},"end":{"line":60,"column":null}},"loc":{"start":{"line":60,"column":0},"end":{"line":183,"column":null}}},"1":{"name":"(anonymous_4)","decl":{"start":{"line":63,"column":0},"end":{"line":63,"column":null}},"loc":{"start":{"line":63,"column":0},"end":{"line":69,"column":null}}},"2":{"name":"(anonymous_5)","decl":{"start":{"line":64,"column":0},"end":{"line":64,"column":null}},"loc":{"start":{"line":64,"column":0},"end":{"line":68,"column":null}}},"3":{"name":"(anonymous_6)","decl":{"start":{"line":93,"column":0},"end":{"line":93,"column":null}},"loc":{"start":{"line":93,"column":0},"end":{"line":95,"column":null}}},"4":{"name":"(anonymous_7)","decl":{"start":{"line":99,"column":0},"end":{"line":99,"column":null}},"loc":{"start":{"line":99,"column":0},"end":{"line":101,"column":null}}},"5":{"name":"(anonymous_8)","decl":{"start":{"line":104,"column":0},"end":{"line":104,"column":null}},"loc":{"start":{"line":104,"column":0},"end":{"line":106,"column":null}}},"6":{"name":"(anonymous_9)","decl":{"start":{"line":108,"column":0},"end":{"line":108,"column":null}},"loc":{"start":{"line":108,"column":0},"end":{"line":118,"column":null}}},"7":{"name":"(anonymous_10)","decl":{"start":{"line":111,"column":0},"end":{"line":111,"column":null}},"loc":{"start":{"line":111,"column":0},"end":{"line":114,"column":null}}},"8":{"name":"(anonymous_11)","decl":{"start":{"line":115,"column":0},"end":{"line":115,"column":null}},"loc":{"start":{"line":115,"column":0},"end":{"line":117,"column":null}}},"9":{"name":"(anonymous_12)","decl":{"start":{"line":122,"column":0},"end":{"line":122,"column":null}},"loc":{"start":{"line":122,"column":0},"end":{"line":125,"column":null}}},"10":{"name":"(anonymous_13)","decl":{"start":{"line":127,"column":0},"end":{"line":127,"column":null}},"loc":{"start":{"line":127,"column":0},"end":{"line":129,"column":null}}}},"branchMap":{"0":{"loc":{"start":{"line":113,"column":0},"end":{"line":113,"column":null}},"type":"cond-expr","locations":[{"start":{"line":113,"column":0},"end":{"line":113,"column":null}},{"start":{"line":113,"column":0},"end":{"line":113,"column":null}}]},"1":{"loc":{"start":{"line":124,"column":0},"end":{"line":124,"column":null}},"type":"cond-expr","locations":[{"start":{"line":124,"column":0},"end":{"line":124,"column":null}},{"start":{"line":124,"column":0},"end":{"line":124,"column":null}}]}},"s":{"0":0,"1":0,"2":0,"3":0,"4":0,"5":0,"6":0,"7":0,"8":0,"9":0,"10":0,"11":0,"12":0,"13":0,"14":0,"15":0,"16":0,"17":0,"18":0,"19":0,"20":0,"21":0,"22":0,"23":0},"f":{"0":0,"1":0,"2":0,"3":0,"4":0,"5":0,"6":0,"7":0,"8":0,"9":0,"10":0},"b":{"0":[0,0],"1":[0,0]}}
}
