TN:
SF:components/AppLogo.vue
FN:22,(anonymous_2)
FN:36,(anonymous_3)
FN:43,(anonymous_4)
FN:46,(anonymous_5)
FN:50,(anonymous_6)
FN:52,(anonymous_7)
FN:57,(anonymous_8)
FN:60,(anonymous_9)
FNF:8
FNH:4
FNDA:0,(anonymous_2)
FNDA:1,(anonymous_3)
FNDA:1,(anonymous_4)
FNDA:0,(anonymous_5)
FNDA:1,(anonymous_6)
FNDA:0,(anonymous_7)
FNDA:0,(anonymous_8)
FNDA:1,(anonymous_9)
DA:19,1
DA:23,0
DA:37,1
DA:44,1
DA:45,1
DA:46,1
DA:47,0
DA:54,0
DA:58,0
DA:61,1
LF:10
LH:6
BRDA:61,0,0,1
BRDA:61,0,1,0
BRF:2
BRH:1
end_of_record
TN:
SF:components/component1.vue
FN:19,(anonymous_1)
FN:25,(anonymous_2)
FN:28,(anonymous_3)
FN:32,(anonymous_4)
FN:35,(anonymous_5)
FNF:5
FNH:0
FNDA:0,(anonymous_1)
FNDA:0,(anonymous_2)
FNDA:0,(anonymous_3)
FNDA:0,(anonymous_4)
FNDA:0,(anonymous_5)
DA:20,0
DA:26,0
DA:29,0
DA:33,0
DA:36,0
LF:5
LH:0
BRDA:36,0,0,0
BRDA:36,0,1,0
BRF:2
BRH:0
end_of_record
TN:
SF:components/vuex_edit.vue
FN:20,(anonymous_1)
FN:27,(anonymous_2)
FN:31,(anonymous_3)
FN:32,(anonymous_4)
FN:40,(anonymous_5)
FN:46,(anonymous_6)
FN:50,(anonymous_7)
FN:53,(anonymous_8)
FN:55,(anonymous_9)
FN:65,(anonymous_10)
FNF:10
FNH:0
FNDA:0,(anonymous_1)
FNDA:0,(anonymous_2)
FNDA:0,(anonymous_3)
FNDA:0,(anonymous_4)
FNDA:0,(anonymous_5)
FNDA:0,(anonymous_6)
FNDA:0,(anonymous_7)
FNDA:0,(anonymous_8)
FNDA:0,(anonymous_9)
FNDA:0,(anonymous_10)
DA:21,0
DA:28,0
DA:40,0
DA:41,0
DA:47,0
DA:51,0
DA:54,0
DA:55,0
DA:59,0
DA:62,0
DA:66,0
LF:11
LH:0
BRDA:54,0,0,0
BRDA:54,0,1,0
BRF:2
BRH:0
end_of_record
TN:
SF:components/vuex_list.vue
FN:27,(anonymous_1)
FN:33,(anonymous_2)
FN:59,(anonymous_3)
FN:60,(anonymous_4)
FN:100,(anonymous_5)
FN:103,(anonymous_6)
FN:112,(anonymous_7)
FN:120,(anonymous_8)
FN:132,(anonymous_9)
FNF:9
FNH:0
FNDA:0,(anonymous_1)
FNDA:0,(anonymous_2)
FNDA:0,(anonymous_3)
FNDA:0,(anonymous_4)
FNDA:0,(anonymous_5)
FNDA:0,(anonymous_6)
FNDA:0,(anonymous_7)
FNDA:0,(anonymous_8)
FNDA:0,(anonymous_9)
DA:23,0
DA:28,0
DA:34,0
DA:61,0
DA:64,0
DA:65,0
DA:101,0
DA:102,0
DA:103,0
DA:105,0
DA:113,0
DA:118,0
DA:123,0
DA:124,0
DA:127,0
DA:129,0
DA:130,0
DA:134,0
LF:18
LH:0
BRDA:101,0,0,0
BRDA:101,0,1,0
BRF:2
BRH:0
end_of_record
TN:
SF:pages/index.vue
FN:80,(anonymous_2)
FN:88,(anonymous_3)
FN:89,(anonymous_4)
FN:94,(anonymous_5)
FN:96,(anonymous_6)
FNF:5
FNH:0
FNDA:0,(anonymous_2)
FNDA:0,(anonymous_3)
FNDA:0,(anonymous_4)
FNDA:0,(anonymous_5)
FNDA:0,(anonymous_6)
DA:67,0
DA:68,0
DA:81,0
DA:91,0
DA:95,0
DA:96,0
LF:6
LH:0
BRF:0
BRH:0
end_of_record
TN:
SF:pages/_product/_id.vue
FN:22,(anonymous_2)
FNF:1
FNH:0
FNDA:0,(anonymous_2)
DA:10,0
DA:12,0
DA:13,0
DA:14,0
LF:4
LH:0
BRDA:12,0,0,0
BRDA:12,0,1,0
BRF:2
BRH:0
end_of_record
TN:
SF:pages/_product/index.vue
FNF:0
FNH:0
DA:10,0
LF:1
LH:0
BRF:0
BRH:0
end_of_record
TN:
SF:pages/product/_PI.vue
FN:21,(anonymous_2)
FN:27,(anonymous_3)
FN:28,(anonymous_4)
FNF:3
FNH:0
FNDA:0,(anonymous_2)
FNDA:0,(anonymous_3)
FNDA:0,(anonymous_4)
DA:14,0
DA:15,0
DA:22,0
DA:28,0
DA:29,0
LF:5
LH:0
BRF:0
BRH:0
end_of_record
TN:
SF:pages/slideBox/index.vue
FN:21,(anonymous_1)
FN:34,(anonymous_2)
FN:38,(anonymous_3)
FN:41,(anonymous_4)
FN:46,(anonymous_5)
FNF:5
FNH:0
FNDA:0,(anonymous_1)
FNDA:0,(anonymous_2)
FNDA:0,(anonymous_3)
FNDA:0,(anonymous_4)
FNDA:0,(anonymous_5)
DA:22,0
DA:39,0
DA:42,0
DA:47,0
DA:48,0
DA:49,0
DA:50,0
DA:51,0
DA:53,0
LF:9
LH:0
BRDA:48,0,0,0
BRDA:48,0,1,0
BRDA:50,1,0,0
BRDA:50,1,1,0
BRDA:53,2,0,0
BRDA:53,2,1,0
BRF:6
BRH:0
end_of_record
TN:
SF:pages/todolist/index.vue
FN:24,(anonymous_2)
FN:47,(anonymous_3)
FN:53,(anonymous_4)
FN:65,(anonymous_5)
FN:68,(anonymous_6)
FN:70,(anonymous_7)
FN:74,(anonymous_8)
FN:78,(anonymous_9)
FN:81,(anonymous_10)
FN:82,(anonymous_11)
FNF:10
FNH:0
FNDA:0,(anonymous_2)
FNDA:0,(anonymous_3)
FNDA:0,(anonymous_4)
FNDA:0,(anonymous_5)
FNDA:0,(anonymous_6)
FNDA:0,(anonymous_7)
FNDA:0,(anonymous_8)
FNDA:0,(anonymous_9)
FNDA:0,(anonymous_10)
FNDA:0,(anonymous_11)
DA:19,0
DA:25,0
DA:50,0
DA:56,0
DA:58,0
DA:66,0
DA:69,0
DA:70,0
DA:79,0
DA:82,0
DA:83,0
LF:11
LH:0
BRDA:58,0,0,0
BRDA:58,0,1,0
BRDA:70,1,0,0
BRDA:70,1,1,0
BRDA:83,2,0,0
BRDA:83,2,1,0
BRF:6
BRH:0
end_of_record
TN:
SF:pages/vuex/index.vue
FN:60,(anonymous_3)
FN:63,(anonymous_4)
FN:64,(anonymous_5)
FN:93,(anonymous_6)
FN:99,(anonymous_7)
FN:104,(anonymous_8)
FN:108,(anonymous_9)
FN:111,(anonymous_10)
FN:115,(anonymous_11)
FN:122,(anonymous_12)
FN:127,(anonymous_13)
FNF:11
FNH:0
FNDA:0,(anonymous_3)
FNDA:0,(anonymous_4)
FNDA:0,(anonymous_5)
FNDA:0,(anonymous_6)
FNDA:0,(anonymous_7)
FNDA:0,(anonymous_8)
FNDA:0,(anonymous_9)
FNDA:0,(anonymous_10)
FNDA:0,(anonymous_11)
FNDA:0,(anonymous_12)
FNDA:0,(anonymous_13)
DA:38,0
DA:39,0
DA:40,0
DA:41,0
DA:42,0
DA:60,0
DA:61,0
DA:64,0
DA:67,0
DA:89,0
DA:90,0
DA:94,0
DA:100,0
DA:105,0
DA:109,0
DA:111,0
DA:112,0
DA:113,0
DA:115,0
DA:116,0
DA:123,0
DA:124,0
DA:128,0
LF:23
LH:0
BRDA:113,0,0,0
BRDA:113,0,1,0
BRDA:124,1,0,0
BRDA:124,1,1,0
BRF:4
BRH:0
end_of_record
